<?xml version="1.0" encoding="UTF-8"?>
<!-- Generated by org.testng.reporters.JUnitReportReporter -->
<testsuite hostname="DESKTOP-9FDQ4FT" failures="0" tests="1" name="pom.DWSLOGIN" time="19.502" errors="0" timestamp="2024-05-28T09:47:05 IST" skipped="0">
  <testcase classname="pom.DWSLOGIN" name="login" time="19.502"/>
  <system-out/>
</testsuite> <!-- pom.DWSLOGIN -->
