<?xml version="1.0" encoding="UTF-8"?>
<!-- Generated by org.testng.reporters.JUnitReportReporter -->
<testsuite hostname="DESKTOP-9FDQ4FT" failures="0" tests="1" name="Listerns1.Addtocart" time="7.734" errors="0" timestamp="2024-05-25T12:16:34 IST" skipped="0">
  <testcase classname="Listerns1.Addtocart" name="AddtoCart" time="7.734"/>
  <system-out/>
</testsuite> <!-- Listerns1.Addtocart -->
