<?xml version="1.0" encoding="UTF-8"?>
<!-- Generated by org.testng.reporters.JUnitReportReporter -->
<testsuite hostname="DESKTOP-9FDQ4FT" failures="0" tests="3" name="WebElement.DwS" time="59.740" errors="0" timestamp="2024-05-24T10:54:46 IST" skipped="0">
  <testcase classname="WebElement.DwS" name="maniDum" time="14.972"/>
  <testcase classname="WebElement.DwS" name="login" time="15.095"/>
  <testcase classname="WebElement.DwS" name="login1" time="29.673"/>
</testsuite> <!-- WebElement.DwS -->
