<?xml version="1.0" encoding="UTF-8"?>
<!-- Generated by org.testng.reporters.JUnitReportReporter -->
<testsuite hostname="DESKTOP-9FDQ4FT" failures="0" tests="1" name="Com.crm.DWSTestCase.logintestcase1" time="19.646" errors="0" timestamp="2024-05-29T09:28:59 IST" skipped="0">
  <testcase classname="Com.crm.DWSTestCase.logintestcase1" name="login" time="19.646"/>
  <system-out/>
</testsuite> <!-- Com.crm.DWSTestCase.logintestcase1 -->
