<?xml version="1.0" encoding="UTF-8"?>
<!-- Generated by org.testng.reporters.JUnitReportReporter -->
<testsuite hostname="DESKTOP-9FDQ4FT" failures="0" tests="1" name="WebElement.DwsLogin" time="22.996" errors="0" timestamp="2024-05-24T10:09:43 IST" skipped="0">
  <testcase classname="WebElement.DwsLogin" name="login" time="22.996"/>
</testsuite> <!-- WebElement.DwsLogin -->
